if system_dependent('IsDebugMode')==1, dbstep; end
 --- Logfile of Experiment CaminoSlice28 started 20-Nov-2017 15:54:14 ---
if system_dependent('IsDebugMode')==1, dbstep; end
if system_dependent('IsDebugMode')==1, dbstep; end
if system_dependent('IsDebugMode')==1, dbstep; end
if system_dependent('IsDebugMode')==1, dbstep; end
if system_dependent('IsDebugMode')==1, dbstep; end
if system_dependent('IsDebugMode')==1, dbstep; end
if system_dependent('IsDebugMode')==1, dbstep; end
if system_dependent('IsDebugMode')==1, dbstep; end
if system_dependent('IsDebugMode')==1, dbstep; end
if system_dependent('IsDebugMode')==1, dbstep; end
if system_dependent('IsDebugMode')==1, dbstep; end
if system_dependent('IsDebugMode')==1, dbstep; end
if system_dependent('IsDebugMode')==1, dbstep; end
if system_dependent('IsDebugMode')==1, dbstep; end
if system_dependent('IsDebugMode')==1, dbstep; end
if system_dependent('IsDebugMode')==1, dbstep; end
if system_dependent('IsDebugMode')==1, dbstep; end
if system_dependent('IsDebugMode')==1, dbstep; end
if system_dependent('IsDebugMode')==1, dbstep; end
if system_dependent('IsDebugMode')==1, dbstep; end
if system_dependent('IsDebugMode')==1, dbstep; end
if system_dependent('IsDebugMode')==1, dbstep; end
if system_dependent('IsDebugMode')==1, dbstep; end
if system_dependent('IsDebugMode')==1, dbstep; end
if system_dependent('IsDebugMode')==1, dbstep; end
if system_dependent('IsDebugMode')==1, dbstep; end
if system_dependent('IsDebugMode')==1, dbstep; end
if system_dependent('IsDebugMode')==1, dbstep; end
if system_dependent('IsDebugMode')==1, dbstep; end
problem = 
  <a href="matlab:helpPopup struct" style="font-weight:bold">struct</a> with fields:

                M: [1×1 SymPosDef]
                f: [3×3×112×112 double]
    MaxIterations: 800
          Epsilon: 9.999999999999999e-06
           lambda: 1.570796326794897
          RegMask: [112×112 logical]
            alpha: 0.050000000000000
             beta: 0.100000000000000
if system_dependent('IsDebugMode')==1, dbstep; end
ans = 
  <a href="matlab:helpPopup SymPosDef" style="font-weight:bold">SymPosDef</a> with properties:

         type: 'symmetric positive definite 3x3 matrices'
          tau: 1
        steps: 5
     ItemSize: [3 3]
    Dimension: 6
       useMex: 1
if system_dependent('IsDebugMode')==1, dbstep; end
if system_dependent('IsDebugMode')==1, dbstep; end
Timer started for Cyclic proximal point algorithm on manifolds
i=1 where lastdiff is 1.435 and lambdait=1.5708
i=2 where lastdiff is 0.56196 and lambdait=0.7854
i=3 where lastdiff is 0.41003 and lambdait=0.5236
i=4 where lastdiff is 0.28411 and lambdait=0.3927
i=5 where lastdiff is 0.17138 and lambdait=0.31416
i=6 where lastdiff is 0.17852 and lambdait=0.2618
i=7 where lastdiff is 0.16082 and lambdait=0.2244
i=8 where lastdiff is 0.11395 and lambdait=0.19635
i=9 where lastdiff is 0.088288 and lambdait=0.17453
i=10 where lastdiff is 0.081867 and lambdait=0.15708
i=11 where lastdiff is 0.079619 and lambdait=0.1428
i=12 where lastdiff is 0.063337 and lambdait=0.1309
i=13 where lastdiff is 0.060492 and lambdait=0.12083
i=14 where lastdiff is 0.059388 and lambdait=0.1122
{Operation terminated by user during <a href="matlab:matlab.internal.language.introspective.errorDocCallback('SymPosDef/grad_X_D2', '/Users/torbjri/Dropbox/DG_Manifold/Code/DTI denoising/MVIRT-master/manifolds/SymPosDef.m', 279)" style="font-weight:bold">SymPosDef/grad_X_D2</a> (<a href="matlab: opentoline('/Users/torbjri/Dropbox/DG_Manifold/Code/DTI denoising/MVIRT-master/manifolds/SymPosDef.m',279,0)">line 279</a>)

In <a href="matlab:matlab.internal.language.introspective.errorDocCallback('SymPosDef/proxad', '/Users/torbjri/Dropbox/DG_Manifold/Code/DTI denoising/MVIRT-master/manifolds/SymPosDef.m', 448)" style="font-weight:bold">SymPosDef/proxad</a> (<a href="matlab: opentoline('/Users/torbjri/Dropbox/DG_Manifold/Code/DTI denoising/MVIRT-master/manifolds/SymPosDef.m',448,0)">line 448</a>)
                        grad(:,:,:,j) =
                        this.grad_X_D2(x(:,:,proxpts,j),M(:,:,:,mi),x(:,:,proxpts,j2));
                        In <a href="matlab:matlab.internal.language.introspective.errorDocCallback('cppa_ad_2D', '/Users/torbjri/Dropbox/DG_Manifold/Code/DTI denoising/MVIRT-master/algorithms/cppa_ad_2D.m', 349)" style="font-weight:bold">cppa_ad_2D</a> (<a href="matlab: opentoline('/Users/torbjri/Dropbox/DG_Manifold/Code/DTI denoising/MVIRT-master/algorithms/cppa_ad_2D.m',349,0)">line 349</a>)
                tx =
                reshape(vars.M.proxad(problem),[prod(manDim),(Mt(j+1)/2)*(Nt(l+1)/2),4]);
                % collapse for rearranging
In <a href="matlab:matlab.internal.language.introspective.errorDocCallback('CaminoSlice', '/Users/torbjri/Dropbox/DG_Manifold/Code/DTI denoising/MVIRT-master/examples/SPD/CaminoSlice.m', 148)" style="font-weight:bold">CaminoSlice</a> (<a href="matlab: opentoline('/Users/torbjri/Dropbox/DG_Manifold/Code/DTI denoising/MVIRT-master/examples/SPD/CaminoSlice.m',148,0)">line 148</a>)
fr = cppa_ad_2D(problem);} 
test2
ans =
   0.324161978479315
Elapsed time is 0.050063 seconds.
ans =
   0.244691167361408
Elapsed time is 0.007452 seconds.
ans =
   0.201507593286106
Elapsed time is 0.012926 seconds.
ans =
   0.174755815194494
Elapsed time is 0.006293 seconds.
ans =
   0.156822122063395
Elapsed time is 0.010550 seconds.
ans =
   0.144183464094892
Elapsed time is 0.006741 seconds.
ans =
   0.134975441683178
Elapsed time is 0.007093 seconds.
ans =
   0.128106602231444
Elapsed time is 0.006572 seconds.
ans =
   0.122888862455588
Elapsed time is 0.006294 seconds.
ans =
   0.118864841766032
Elapsed time is 0.006724 seconds.
ans =
   0.115719159139566
Elapsed time is 0.007264 seconds.
ans =
   0.113228838154736
Elapsed time is 0.006116 seconds.
ans =
   0.111233441248580
Elapsed time is 0.007361 seconds.
ans =
   0.109615986071948
Elapsed time is 0.007396 seconds.
ans =
   0.108290223275956
Elapsed time is 0.006938 seconds.
ans =
   0.107191915798116
Elapsed time is 0.005803 seconds.
ans =
   0.106272753949154
Elapsed time is 0.007500 seconds.
ans =
   0.105496058762705
Elapsed time is 0.006675 seconds.
ans =
   0.104833720382227
Elapsed time is 0.005780 seconds.
ans =
   0.104263998815301
Elapsed time is 0.006148 seconds.
ans =
   0.103769931523348
Elapsed time is 0.005888 seconds.
ans =
   0.103338170951179
Elapsed time is 0.005873 seconds.
ans =
   0.102958128696473
Elapsed time is 0.006267 seconds.
ans =
   0.102621340064687
Elapsed time is 0.005742 seconds.
ans =
   0.102320988207884
Elapsed time is 0.006516 seconds.
ans =
   0.102051544734218
Elapsed time is 0.005923 seconds.
ans =
   0.101808496077456
Elapsed time is 0.007430 seconds.
ans =
   0.101588133499455
Elapsed time is 0.006464 seconds.
ans =
   0.101387390846921
Elapsed time is 0.006720 seconds.
ans =
   0.101203718112691
Elapsed time is 0.007698 seconds.
ans =
   0.101034982419942
Elapsed time is 0.005939 seconds.
ans =
   0.100879389889759
Elapsed time is 0.006010 seconds.
ans =
   0.100735423625606
Elapsed time is 0.005697 seconds.
ans =
   0.100601794234885
Elapsed time is 0.007369 seconds.
ans =
   0.100477400152765
Elapsed time is 0.006142 seconds.
ans =
   0.100361295560197
Elapsed time is 0.008004 seconds.
ans =
   0.100252664477820
Elapsed time is 0.005290 seconds.
ans =
   0.100150799578491
Elapsed time is 0.005664 seconds.
ans =
   0.100055084918501
Elapsed time is 0.004131 seconds.
ans =
   0.099964981706564
Elapsed time is 0.005565 seconds.
ans =
   0.099880016578696
Elapsed time is 0.006768 seconds.
ans =
   0.099799771876543
Elapsed time is 0.005103 seconds.
ans =
   0.099723877553938
Elapsed time is 0.005749 seconds.
ans =
   0.099652004425226
Elapsed time is 0.006833 seconds.
ans =
   0.099583858518377
Elapsed time is 0.006454 seconds.
ans =
   0.099519176298306
Elapsed time is 0.007177 seconds.
ans =
   0.099457720652007
Elapsed time is 0.007127 seconds.
ans =
   0.099399277487225
Elapsed time is 0.004722 seconds.
ans =
   0.099343652821720
Elapsed time is 0.004657 seconds.
ans =
   0.099290670323529
Elapsed time is 0.004586 seconds.
ans =
   0.099240169202099
Elapsed time is 0.004027 seconds.
residual =
     9.659121896289542e-05
Elapsed time is 0.012323 seconds.
ans =
   0.099240169202099
ans =
    52
test2
residual =
     9.659121896289542e-05
Elapsed time is 0.296704 seconds.
ans =
   0.099240169202099
ans =
    52
test2; test2; test2; test2; test2; test2; test2; test2; test2; test2
residual =
     9.659121896289542e-05
Elapsed time is 0.167504 seconds.
ans =
   0.099240169202099
ans =
    52
residual =
     9.659121896289542e-05
Elapsed time is 0.149402 seconds.
ans =
   0.099240169202099
ans =
    52
residual =
     9.659121896289542e-05
Elapsed time is 0.153892 seconds.
ans =
   0.099240169202099
ans =
    52
residual =
     9.659121896289542e-05
Elapsed time is 0.159102 seconds.
ans =
   0.099240169202099
ans =
    52
residual =
     9.659121896289542e-05
Elapsed time is 0.159363 seconds.
ans =
   0.099240169202099
ans =
    52
residual =
     9.659121896289542e-05
Elapsed time is 0.151507 seconds.
ans =
   0.099240169202099
ans =
    52
residual =
     9.659121896289542e-05
Elapsed time is 0.150460 seconds.
ans =
   0.099240169202099
ans =
    52
residual =
     9.659121896289542e-05
Elapsed time is 0.159030 seconds.
ans =
   0.099240169202099
ans =
    52
residual =
     9.659121896289542e-05
Elapsed time is 0.157930 seconds.
ans =
   0.099240169202099
ans =
    52
residual =
     9.659121896289542e-05
Elapsed time is 0.170190 seconds.
ans =
   0.099240169202099
ans =
    52
format short
test2; test2; test2; test2; test2; test2; test2; test2; test2; test2
residual =
   9.6591e-05
Elapsed time is 0.159978 seconds.
ans =
    0.0992
ans =
    52
residual =
   9.6591e-05
Elapsed time is 0.148108 seconds.
ans =
    0.0992
ans =
    52
residual =
   9.6591e-05
Elapsed time is 0.149053 seconds.
ans =
    0.0992
ans =
    52
residual =
   9.6591e-05
Elapsed time is 0.148241 seconds.
ans =
    0.0992
ans =
    52
residual =
   9.6591e-05
Elapsed time is 0.152880 seconds.
ans =
    0.0992
ans =
    52
residual =
   9.6591e-05
Elapsed time is 0.148556 seconds.
ans =
    0.0992
ans =
    52
residual =
   9.6591e-05
Elapsed time is 0.148394 seconds.
ans =
    0.0992
ans =
    52
residual =
   9.6591e-05
Elapsed time is 0.147971 seconds.
ans =
    0.0992
ans =
    52
residual =
   9.6591e-05
Elapsed time is 0.158168 seconds.
ans =
    0.0992
ans =
    52
residual =
   9.6591e-05
Elapsed time is 0.148377 seconds.
ans =
    0.0992
ans =
    52
test2
residual =
   9.6591e-05
Elapsed time is 0.150212 seconds.
ans =
    0.0992
ans =
    52
test2
residual =
   9.3576e-05
Elapsed time is 0.052848 seconds.
ans =
    0.0982
ans =
    16
test2
residual =
   9.3576e-05
Elapsed time is 0.142256 seconds.
ans =
    0.0982
ans =
    16
test2; test2; test2; test2; test2; test2; test2; test2; test2; test2
residual =
   9.3576e-05
Elapsed time is 0.059861 seconds.
ans =
    0.0982
ans =
    16
residual =
   9.3576e-05
Elapsed time is 0.051212 seconds.
ans =
    0.0982
ans =
    16
residual =
   9.3576e-05
Elapsed time is 0.051797 seconds.
ans =
    0.0982
ans =
    16
residual =
   9.3576e-05
Elapsed time is 0.053076 seconds.
ans =
    0.0982
ans =
    16
residual =
   9.3576e-05
Elapsed time is 0.050971 seconds.
ans =
    0.0982
ans =
    16
residual =
   9.3576e-05
Elapsed time is 0.057368 seconds.
ans =
    0.0982
ans =
    16
residual =
   9.3576e-05
Elapsed time is 0.050524 seconds.
ans =
    0.0982
ans =
    16
residual =
   9.3576e-05
Elapsed time is 0.049085 seconds.
ans =
    0.0982
ans =
    16
residual =
   9.3576e-05
Elapsed time is 0.049329 seconds.
ans =
    0.0982
ans =
    16
residual =
   9.3576e-05
Elapsed time is 0.050282 seconds.
ans =
    0.0982
ans =
    16
test2; test2; test2; test2; test2; test2; test2; test2; test2; test2
residual =
   9.3576e-05
Elapsed time is 0.049260 seconds.
ans =
    0.0982
ans =
    16
residual =
   9.3576e-05
Elapsed time is 0.049332 seconds.
ans =
    0.0982
ans =
    16
residual =
   9.3576e-05
Elapsed time is 0.051795 seconds.
ans =
    0.0982
ans =
    16
residual =
   9.3576e-05
Elapsed time is 0.048854 seconds.
ans =
    0.0982
ans =
    16
residual =
   9.3576e-05
Elapsed time is 0.050753 seconds.
ans =
    0.0982
ans =
    16
residual =
   9.3576e-05
Elapsed time is 0.049915 seconds.
ans =
    0.0982
ans =
    16
residual =
   9.3576e-05
Elapsed time is 0.056374 seconds.
ans =
    0.0982
ans =
    16
residual =
   9.3576e-05
Elapsed time is 0.051219 seconds.
ans =
    0.0982
ans =
    16
residual =
   9.3576e-05
Elapsed time is 0.049190 seconds.
ans =
    0.0982
ans =
    16
residual =
   9.3576e-05
Elapsed time is 0.052303 seconds.
ans =
    0.0982
ans =
    16
